c:\users\mikhail gorobets\source\repos\volumerender\volumerender\x64\release\vc141.pdb
c:\users\mikhail gorobets\source\repos\volumerender\volumerender\x64\release\main.obj
c:\users\mikhail gorobets\source\repos\volumerender\volumerender\x64\release\appication.obj
c:\users\mikhail gorobets\source\repos\volumerender\volumerender\x64\release\imgui_widgets.obj
c:\users\mikhail gorobets\source\repos\volumerender\volumerender\x64\release\imgui_impl_sdl.obj
c:\users\mikhail gorobets\source\repos\volumerender\volumerender\x64\release\imgui_impl_dx11.obj
c:\users\mikhail gorobets\source\repos\volumerender\volumerender\x64\release\imgui_draw.obj
c:\users\mikhail gorobets\source\repos\volumerender\volumerender\x64\release\imgui_demo.obj
c:\users\mikhail gorobets\source\repos\volumerender\volumerender\x64\release\imgui.obj
c:\users\mikhail gorobets\source\repos\volumerender\volumerender\x64\release\wictextureloader.obj
c:\users\mikhail gorobets\source\repos\volumerender\volumerender\x64\release\ddstextureloader.obj
c:\users\mikhail gorobets\source\repos\volumerender\x64\release\volumerender.exe
c:\users\mikhail gorobets\source\repos\volumerender\x64\release\volumerender.pdb
c:\users\mikhail gorobets\source\repos\volumerender\x64\release\volumerender.ipdb
c:\users\mikhail gorobets\source\repos\volumerender\x64\release\volumerender.iobj
c:\users\mikhail gorobets\source\repos\volumerender\volumerender\x64\release\vcpkg.applocal.log
c:\users\mikhail gorobets\source\repos\volumerender\x64\release\sdl2.dll
c:\working\volumerender\volumerender\x64\release\appication.obj
c:\working\volumerender\volumerender\x64\release\ddstextureloader.obj
c:\working\volumerender\volumerender\x64\release\imgui.obj
c:\working\volumerender\volumerender\x64\release\imgui_demo.obj
c:\working\volumerender\volumerender\x64\release\imgui_draw.obj
c:\working\volumerender\volumerender\x64\release\imgui_impl_dx11.obj
c:\working\volumerender\volumerender\x64\release\imgui_impl_sdl.obj
c:\working\volumerender\volumerender\x64\release\imgui_widgets.obj
c:\working\volumerender\volumerender\x64\release\main.obj
c:\working\volumerender\volumerender\x64\release\wictextureloader.obj
c:\working\volumerender\volumerender\x64\release\vc141.pdb
c:\working\volumerender\x64\release\volumerender.pdb
c:\working\volumerender\x64\release\volumerender.exe
c:\working\volumerender\volumerender\x64\release\volumerender.tlog\cl.command.1.tlog
c:\working\volumerender\volumerender\x64\release\volumerender.tlog\cl.read.1.tlog
c:\working\volumerender\volumerender\x64\release\volumerender.tlog\cl.write.1.tlog
c:\working\volumerender\volumerender\x64\release\volumerender.tlog\link.command.1.tlog
c:\working\volumerender\volumerender\x64\release\volumerender.tlog\link.read.1.tlog
c:\working\volumerender\volumerender\x64\release\volumerender.tlog\link.write.1.tlog
c:\working\volumerender\volumerender\x64\release\volumerender.tlog\volumerender.write.1u.tlog
